This file contains any messages produced by compilers while
running configure, to aid debugging if configure makes a mistake.

It was created by openocd configure 0.10.0+dev, which was
generated by GNU Autoconf 2.69.  Invocation command line was

  $ ./configure --enable-sysfsgpio --enable-maintainer-mode --disable-werror --enable-arm-jtag-ew

## --------- ##
## Platform. ##
## --------- ##

hostname = orangepipc
uname -m = armv7l
uname -r = 4.14.78-sunxi
uname -s = Linux
uname -v = #412 SMP Fri Oct 26 11:37:04 CEST 2018

/usr/bin/uname -p = unknown
/bin/uname -X     = unknown

/bin/arch              = unknown
/usr/bin/arch -k       = unknown
/usr/convex/getsysinfo = unknown
/usr/bin/hostinfo      = unknown
/bin/machine           = unknown
/usr/bin/oslevel       = unknown
/bin/universe          = unknown

PATH: /usr/local/sbin
PATH: /usr/local/bin
PATH: /usr/sbin
PATH: /usr/bin
PATH: /sbin
PATH: /bin
PATH: /usr/games
PATH: /usr/local/games


## ----------- ##
## Core tests. ##
## ----------- ##

configure:2600: checking for makeinfo
configure:2630: result: no
configure:2638: WARNING: Info documentation will not be built.
configure:2689: checking for a BSD-compatible install
configure:2757: result: /usr/bin/install -c
configure:2768: checking whether build environment is sane
configure:2823: result: yes
configure:2974: checking for a thread-safe mkdir -p
configure:3013: result: /bin/mkdir -p
configure:3020: checking for gawk
configure:3050: result: no
configure:3020: checking for mawk
configure:3036: found /usr/bin/mawk
configure:3047: result: mawk
configure:3058: checking whether make sets $(MAKE)
configure:3080: result: yes
configure:3109: checking whether make supports nested variables
configure:3126: result: yes
configure:3311: checking for gcc
configure:3327: found /usr/bin/gcc
configure:3338: result: gcc
configure:3567: checking for C compiler version
configure:3576: gcc --version >&5
gcc (Ubuntu/Linaro 7.3.0-27ubuntu1~18.04) 7.3.0
Copyright (C) 2017 Free Software Foundation, Inc.
This is free software; see the source for copying conditions.  There is NO
warranty; not even for MERCHANTABILITY or FITNESS FOR A PARTICULAR PURPOSE.

configure:3587: $? = 0
configure:3576: gcc -v >&5
Using built-in specs.
COLLECT_GCC=gcc
COLLECT_LTO_WRAPPER=/usr/lib/gcc/arm-linux-gnueabihf/7/lto-wrapper
Target: arm-linux-gnueabihf
Configured with: ../src/configure -v --with-pkgversion='Ubuntu/Linaro 7.3.0-27ubuntu1~18.04' --with-bugurl=file:///usr/share/doc/gcc-7/README.Bugs --enable-languages=c,ada,c++,go,d,fortran,objc,obj-c++ --prefix=/usr --with-gcc-major-version-only --program-suffix=-7 --program-prefix=arm-linux-gnueabihf- --enable-shared --enable-linker-build-id --libexecdir=/usr/lib --without-included-gettext --enable-threads=posix --libdir=/usr/lib --enable-nls --with-sysroot=/ --enable-clocale=gnu --enable-libstdcxx-debug --enable-libstdcxx-time=yes --with-default-libstdcxx-abi=new --enable-gnu-unique-object --disable-libitm --disable-libquadmath --disable-libquadmath-support --enable-plugin --enable-default-pie --with-system-zlib --with-target-system-zlib --enable-objc-gc=auto --enable-multiarch --enable-multilib --disable-sjlj-exceptions --with-arch=armv7-a --with-fpu=vfpv3-d16 --with-float=hard --with-mode=thumb --disable-werror --enable-multilib --enable-checking=release --build=arm-linux-gnueabihf --host=arm-linux-gnueabihf --target=arm-linux-gnueabihf
Thread model: posix
gcc version 7.3.0 (Ubuntu/Linaro 7.3.0-27ubuntu1~18.04) 
configure:3587: $? = 0
configure:3576: gcc -V >&5
gcc: error: unrecognized command line option '-V'
gcc: fatal error: no input files
compilation terminated.
configure:3587: $? = 1
configure:3607: checking whether the C compiler works
configure:3629: gcc -I/usr/local/include  -L/usr/local/lib -lwiringPi conftest.c  >&5
configure:3633: $? = 0
configure:3681: result: yes
configure:3684: checking for C compiler default output file name
configure:3686: result: a.out
configure:3692: checking for suffix of executables
configure:3699: gcc -o conftest -I/usr/local/include  -L/usr/local/lib -lwiringPi conftest.c  >&5
configure:3703: $? = 0
configure:3725: result: 
configure:3747: checking whether we are cross compiling
configure:3755: gcc -o conftest -I/usr/local/include  -L/usr/local/lib -lwiringPi conftest.c  >&5
configure:3759: $? = 0
configure:3766: ./conftest
configure:3770: $? = 0
configure:3785: result: no
configure:3790: checking for suffix of object files
configure:3812: gcc -c -I/usr/local/include  conftest.c >&5
configure:3816: $? = 0
configure:3837: result: o
configure:3841: checking whether we are using the GNU C compiler
configure:3860: gcc -c -I/usr/local/include  conftest.c >&5
configure:3860: $? = 0
configure:3869: result: yes
configure:3878: checking whether gcc accepts -g
configure:3898: gcc -c -g  conftest.c >&5
configure:3898: $? = 0
configure:3939: result: yes
configure:3956: checking for gcc option to accept ISO C89
configure:4019: gcc  -c -I/usr/local/include  conftest.c >&5
configure:4019: $? = 0
configure:4032: result: none needed
configure:4057: checking whether gcc understands -c and -o together
configure:4079: gcc -c conftest.c -o conftest2.o
configure:4082: $? = 0
configure:4079: gcc -c conftest.c -o conftest2.o
configure:4082: $? = 0
configure:4094: result: yes
configure:4122: checking for style of include used by make
configure:4150: result: GNU
configure:4176: checking dependency style of gcc
configure:4287: result: gcc3
configure:4302: checking for gcc option to accept ISO C99
configure:4451: gcc  -c -I/usr/local/include  conftest.c >&5
configure:4451: $? = 0
configure:4464: result: none needed
configure:4523: checking for ranlib
configure:4539: found /usr/bin/ranlib
configure:4550: result: ranlib
configure:4626: checking for pkg-config
configure:4644: found /usr/bin/pkg-config
configure:4656: result: /usr/bin/pkg-config
configure:4681: checking pkg-config is at least version 0.23
configure:4684: result: yes
configure:4756: checking build system type
configure:4770: result: armv7l-unknown-linux-gnueabihf
configure:4790: checking host system type
configure:4803: result: armv7l-unknown-linux-gnueabihf
configure:4844: checking how to print strings
configure:4871: result: printf
configure:4892: checking for a sed that does not truncate output
configure:4956: result: /bin/sed
configure:4974: checking for grep that handles long lines and -e
configure:5032: result: /bin/grep
configure:5037: checking for egrep
configure:5099: result: /bin/grep -E
configure:5104: checking for fgrep
configure:5166: result: /bin/grep -F
configure:5201: checking for ld used by gcc
configure:5268: result: /usr/bin/ld
configure:5275: checking if the linker (/usr/bin/ld) is GNU ld
configure:5290: result: yes
configure:5302: checking for BSD- or MS-compatible name lister (nm)
configure:5356: result: /usr/bin/nm -B
configure:5486: checking the name lister (/usr/bin/nm -B) interface
configure:5493: gcc -c -I/usr/local/include  conftest.c >&5
configure:5496: /usr/bin/nm -B "conftest.o"
configure:5499: output
00000000 B some_variable
configure:5506: result: BSD nm
configure:5509: checking whether ln -s works
configure:5513: result: yes
configure:5521: checking the maximum length of command line arguments
configure:5652: result: 1572864
configure:5700: checking how to convert armv7l-unknown-linux-gnueabihf file names to armv7l-unknown-linux-gnueabihf format
configure:5740: result: func_convert_file_noop
configure:5747: checking how to convert armv7l-unknown-linux-gnueabihf file names to toolchain format
configure:5767: result: func_convert_file_noop
configure:5774: checking for /usr/bin/ld option to reload object files
configure:5781: result: -r
configure:5855: checking for objdump
configure:5871: found /usr/bin/objdump
configure:5882: result: objdump
configure:5914: checking how to recognize dependent libraries
configure:6114: result: pass_all
configure:6199: checking for dlltool
configure:6229: result: no
configure:6259: checking how to associate runtime and link libraries
configure:6286: result: printf %s\n
configure:6347: checking for ar
configure:6363: found /usr/bin/ar
configure:6374: result: ar
configure:6411: checking for archiver @FILE support
configure:6428: gcc -c -I/usr/local/include  conftest.c >&5
configure:6428: $? = 0
configure:6431: ar cru libconftest.a @conftest.lst >&5
ar: `u' modifier ignored since `D' is the default (see `U')
configure:6434: $? = 0
configure:6439: ar cru libconftest.a @conftest.lst >&5
ar: `u' modifier ignored since `D' is the default (see `U')
ar: conftest.o: No such file or directory
configure:6442: $? = 1
configure:6454: result: @
configure:6512: checking for strip
configure:6528: found /usr/bin/strip
configure:6539: result: strip
configure:6611: checking for ranlib
configure:6638: result: ranlib
configure:6740: checking command to parse /usr/bin/nm -B output from gcc object
configure:6893: gcc -c -I/usr/local/include  conftest.c >&5
configure:6896: $? = 0
configure:6900: /usr/bin/nm -B conftest.o \| sed -n -e 's/^.*[ ]\([ABCDGIRSTW][ABCDGIRSTW]*\)[ ][ ]*\([_A-Za-z][_A-Za-z0-9]*\)$/\1 \2 \2/p' | sed '/ __gnu_lto/d' \> conftest.nm
configure:6903: $? = 0
configure:6969: gcc -o conftest -I/usr/local/include  -L/usr/local/lib -lwiringPi conftest.c conftstm.o >&5
configure:6972: $? = 0
configure:7010: result: ok
configure:7057: checking for sysroot
configure:7087: result: no
configure:7094: checking for a working dd
configure:7132: result: /bin/dd
configure:7136: checking how to truncate binary pipes
configure:7151: result: /bin/dd bs=4096 count=1
configure:7480: checking for mt
configure:7496: found /bin/mt
configure:7507: result: mt
configure:7530: checking if mt is a manifest tool
configure:7536: mt '-?'
configure:7544: result: no
configure:8221: checking how to run the C preprocessor
configure:8252: gcc -E  conftest.c
configure:8252: $? = 0
configure:8266: gcc -E  conftest.c
conftest.c:11:10: fatal error: ac_nonexistent.h: No such file or directory
 #include <ac_nonexistent.h>
          ^~~~~~~~~~~~~~~~~~
compilation terminated.
configure:8266: $? = 1
configure: failed program was:
| /* confdefs.h */
| #define PACKAGE_NAME "openocd"
| #define PACKAGE_TARNAME "openocd"
| #define PACKAGE_VERSION "0.10.0+dev"
| #define PACKAGE_STRING "openocd 0.10.0+dev"
| #define PACKAGE_BUGREPORT "OpenOCD Mailing List <openocd-devel@lists.sourceforge.net>"
| #define PACKAGE_URL ""
| #define PACKAGE "openocd"
| #define VERSION "0.10.0+dev"
| /* end confdefs.h.  */
| #include <ac_nonexistent.h>
configure:8291: result: gcc -E
configure:8311: gcc -E  conftest.c
configure:8311: $? = 0
configure:8325: gcc -E  conftest.c
conftest.c:11:10: fatal error: ac_nonexistent.h: No such file or directory
 #include <ac_nonexistent.h>
          ^~~~~~~~~~~~~~~~~~
compilation terminated.
configure:8325: $? = 1
configure: failed program was:
| /* confdefs.h */
| #define PACKAGE_NAME "openocd"
| #define PACKAGE_TARNAME "openocd"
| #define PACKAGE_VERSION "0.10.0+dev"
| #define PACKAGE_STRING "openocd 0.10.0+dev"
| #define PACKAGE_BUGREPORT "OpenOCD Mailing List <openocd-devel@lists.sourceforge.net>"
| #define PACKAGE_URL ""
| #define PACKAGE "openocd"
| #define VERSION "0.10.0+dev"
| /* end confdefs.h.  */
| #include <ac_nonexistent.h>
configure:8354: checking for ANSI C header files
configure:8374: gcc -c -I/usr/local/include  conftest.c >&5
configure:8374: $? = 0
configure:8447: gcc -o conftest -I/usr/local/include  -L/usr/local/lib -lwiringPi conftest.c  >&5
configure:8447: $? = 0
configure:8447: ./conftest
configure:8447: $? = 0
configure:8458: result: yes
configure:8471: checking for sys/types.h
configure:8471: gcc -c -I/usr/local/include  conftest.c >&5
configure:8471: $? = 0
configure:8471: result: yes
configure:8471: checking for sys/stat.h
configure:8471: gcc -c -I/usr/local/include  conftest.c >&5
configure:8471: $? = 0
configure:8471: result: yes
configure:8471: checking for stdlib.h
configure:8471: gcc -c -I/usr/local/include  conftest.c >&5
configure:8471: $? = 0
configure:8471: result: yes
configure:8471: checking for string.h
configure:8471: gcc -c -I/usr/local/include  conftest.c >&5
configure:8471: $? = 0
configure:8471: result: yes
configure:8471: checking for memory.h
configure:8471: gcc -c -I/usr/local/include  conftest.c >&5
configure:8471: $? = 0
configure:8471: result: yes
configure:8471: checking for strings.h
configure:8471: gcc -c -I/usr/local/include  conftest.c >&5
configure:8471: $? = 0
configure:8471: result: yes
configure:8471: checking for inttypes.h
configure:8471: gcc -c -I/usr/local/include  conftest.c >&5
configure:8471: $? = 0
configure:8471: result: yes
configure:8471: checking for stdint.h
configure:8471: gcc -c -I/usr/local/include  conftest.c >&5
configure:8471: $? = 0
configure:8471: result: yes
configure:8471: checking for unistd.h
configure:8471: gcc -c -I/usr/local/include  conftest.c >&5
configure:8471: $? = 0
configure:8471: result: yes
configure:8485: checking for dlfcn.h
configure:8485: gcc -c -I/usr/local/include  conftest.c >&5
configure:8485: $? = 0
configure:8485: result: yes
configure:8711: checking for objdir
configure:8726: result: .libs
configure:8986: checking if gcc supports -fno-rtti -fno-exceptions
configure:9004: gcc -c -I/usr/local/include  -fno-rtti -fno-exceptions conftest.c >&5
cc1: warning: command line option '-fno-rtti' is valid for C++/ObjC++ but not for C
configure:9008: $? = 0
configure:9021: result: no
configure:9379: checking for gcc option to produce PIC
configure:9386: result: -fPIC -DPIC
configure:9394: checking if gcc PIC flag -fPIC -DPIC works
configure:9412: gcc -c -I/usr/local/include  -fPIC -DPIC -DPIC conftest.c >&5
configure:9416: $? = 0
configure:9429: result: yes
configure:9458: checking if gcc static flag -static works
configure:9486: result: no
configure:9501: checking if gcc supports -c -o file.o
configure:9522: gcc -c -I/usr/local/include  -o out/conftest2.o conftest.c >&5
configure:9526: $? = 0
configure:9548: result: yes
configure:9556: checking if gcc supports -c -o file.o
configure:9603: result: yes
configure:9636: checking whether the gcc linker (/usr/bin/ld) supports shared libraries
configure:10899: result: yes
configure:11139: checking dynamic linker characteristics
configure:11720: gcc -o conftest -I/usr/local/include  -L/usr/local/lib -lwiringPi -Wl,-rpath -Wl,/foo conftest.c  >&5
configure:11720: $? = 0
configure:11969: result: GNU/Linux ld.so
configure:12091: checking how to hardcode library paths into programs
configure:12116: result: immediate
configure:12664: checking whether stripping libraries is possible
configure:12669: result: yes
configure:12704: checking if libtool supports shared libraries
configure:12706: result: yes
configure:12709: checking whether to build shared libraries
configure:12734: result: no
configure:12737: checking whether to build static libraries
configure:12741: result: yes
configure:12780: checking for an ANSI C-conforming const
configure:12846: gcc -c -I/usr/local/include  conftest.c >&5
configure:12846: $? = 0
configure:12853: result: yes
configure:12862: checking for unsigned long long int
configure:12910: result: yes
configure:12920: checking for long long int
configure:12970: result: yes
configure:12979: checking for library containing ioperm
configure:13010: gcc -o conftest -I/usr/local/include  -L/usr/local/lib -lwiringPi conftest.c  >&5
configure:13010: $? = 0
configure:13027: result: none required
configure:13035: checking for library containing dlopen
configure:13066: gcc -o conftest -I/usr/local/include  -L/usr/local/lib -lwiringPi conftest.c  >&5
/tmp/ccaqf6PE.o: In function `main':
conftest.c:(.text+0x4): undefined reference to `dlopen'
collect2: error: ld returned 1 exit status
configure:13066: $? = 1
configure: failed program was:
| /* confdefs.h */
| #define PACKAGE_NAME "openocd"
| #define PACKAGE_TARNAME "openocd"
| #define PACKAGE_VERSION "0.10.0+dev"
| #define PACKAGE_STRING "openocd 0.10.0+dev"
| #define PACKAGE_BUGREPORT "OpenOCD Mailing List <openocd-devel@lists.sourceforge.net>"
| #define PACKAGE_URL ""
| #define PACKAGE "openocd"
| #define VERSION "0.10.0+dev"
| #define STDC_HEADERS 1
| #define HAVE_SYS_TYPES_H 1
| #define HAVE_SYS_STAT_H 1
| #define HAVE_STDLIB_H 1
| #define HAVE_STRING_H 1
| #define HAVE_MEMORY_H 1
| #define HAVE_STRINGS_H 1
| #define HAVE_INTTYPES_H 1
| #define HAVE_STDINT_H 1
| #define HAVE_UNISTD_H 1
| #define HAVE_DLFCN_H 1
| #define LT_OBJDIR ".libs/"
| #define HAVE_UNSIGNED_LONG_LONG_INT 1
| #define HAVE_LONG_LONG_INT 1
| /* end confdefs.h.  */
| 
| /* Override any GCC internal prototype to avoid an error.
|    Use char because int might match the return type of a GCC
|    builtin and then its argument prototype would still apply.  */
| #ifdef __cplusplus
| extern "C"
| #endif
| char dlopen ();
| int
| main ()
| {
| return dlopen ();
|   ;
|   return 0;
| }
configure:13066: gcc -o conftest -I/usr/local/include  -L/usr/local/lib -lwiringPi conftest.c -ldl   >&5
configure:13066: $? = 0
configure:13083: result: -ldl
configure:13094: checking sys/socket.h usability
configure:13094: gcc -c -I/usr/local/include  conftest.c >&5
configure:13094: $? = 0
configure:13094: result: yes
configure:13094: checking sys/socket.h presence
configure:13094: gcc -E  conftest.c
configure:13094: $? = 0
configure:13094: result: yes
configure:13094: checking for sys/socket.h
configure:13094: result: yes
configure:13106: checking elf.h usability
configure:13106: gcc -c -I/usr/local/include  conftest.c >&5
configure:13106: $? = 0
configure:13106: result: yes
configure:13106: checking elf.h presence
configure:13106: gcc -E  conftest.c
configure:13106: $? = 0
configure:13106: result: yes
configure:13106: checking for elf.h
configure:13106: result: yes
configure:13118: checking dirent.h usability
configure:13118: gcc -c -I/usr/local/include  conftest.c >&5
configure:13118: $? = 0
configure:13118: result: yes
configure:13118: checking dirent.h presence
configure:13118: gcc -E  conftest.c
configure:13118: $? = 0
configure:13118: result: yes
configure:13118: checking for dirent.h
configure:13118: result: yes
configure:13130: checking fcntl.h usability
configure:13130: gcc -c -I/usr/local/include  conftest.c >&5
configure:13130: $? = 0
configure:13130: result: yes
configure:13130: checking fcntl.h presence
configure:13130: gcc -E  conftest.c
configure:13130: $? = 0
configure:13130: result: yes
configure:13130: checking for fcntl.h
configure:13130: result: yes
configure:13142: checking malloc.h usability
configure:13142: gcc -c -I/usr/local/include  conftest.c >&5
configure:13142: $? = 0
configure:13142: result: yes
configure:13142: checking malloc.h presence
configure:13142: gcc -E  conftest.c
configure:13142: $? = 0
configure:13142: result: yes
configure:13142: checking for malloc.h
configure:13142: result: yes
configure:13154: checking netdb.h usability
configure:13154: gcc -c -I/usr/local/include  conftest.c >&5
configure:13154: $? = 0
configure:13154: result: yes
configure:13154: checking netdb.h presence
configure:13154: gcc -E  conftest.c
configure:13154: $? = 0
configure:13154: result: yes
configure:13154: checking for netdb.h
configure:13154: result: yes
configure:13166: checking poll.h usability
configure:13166: gcc -c -I/usr/local/include  conftest.c >&5
configure:13166: $? = 0
configure:13166: result: yes
configure:13166: checking poll.h presence
configure:13166: gcc -E  conftest.c
configure:13166: $? = 0
configure:13166: result: yes
configure:13166: checking for poll.h
configure:13166: result: yes
configure:13178: checking pthread.h usability
configure:13178: gcc -c -I/usr/local/include  conftest.c >&5
configure:13178: $? = 0
configure:13178: result: yes
configure:13178: checking pthread.h presence
configure:13178: gcc -E  conftest.c
configure:13178: $? = 0
configure:13178: result: yes
configure:13178: checking for pthread.h
configure:13178: result: yes
configure:13190: checking for strings.h
configure:13190: result: yes
configure:13202: checking sys/ioctl.h usability
configure:13202: gcc -c -I/usr/local/include  conftest.c >&5
configure:13202: $? = 0
configure:13202: result: yes
configure:13202: checking sys/ioctl.h presence
configure:13202: gcc -E  conftest.c
configure:13202: $? = 0
configure:13202: result: yes
configure:13202: checking for sys/ioctl.h
configure:13202: result: yes
configure:13214: checking sys/param.h usability
configure:13214: gcc -c -I/usr/local/include  conftest.c >&5
configure:13214: $? = 0
configure:13214: result: yes
configure:13214: checking sys/param.h presence
configure:13214: gcc -E  conftest.c
configure:13214: $? = 0
configure:13214: result: yes
configure:13214: checking for sys/param.h
configure:13214: result: yes
configure:13226: checking sys/select.h usability
configure:13226: gcc -c -I/usr/local/include  conftest.c >&5
configure:13226: $? = 0
configure:13226: result: yes
configure:13226: checking sys/select.h presence
configure:13226: gcc -E  conftest.c
configure:13226: $? = 0
configure:13226: result: yes
configure:13226: checking for sys/select.h
configure:13226: result: yes
configure:13238: checking for sys/stat.h
configure:13238: result: yes
configure:13250: checking sys/sysctl.h usability
configure:13250: gcc -c -I/usr/local/include  conftest.c >&5
configure:13250: $? = 0
configure:13250: result: yes
configure:13250: checking sys/sysctl.h presence
configure:13250: gcc -E  conftest.c
configure:13250: $? = 0
configure:13250: result: yes
configure:13250: checking for sys/sysctl.h
configure:13250: result: yes
configure:13262: checking sys/time.h usability
configure:13262: gcc -c -I/usr/local/include  conftest.c >&5
configure:13262: $? = 0
configure:13262: result: yes
configure:13262: checking sys/time.h presence
configure:13262: gcc -E  conftest.c
configure:13262: $? = 0
configure:13262: result: yes
configure:13262: checking for sys/time.h
configure:13262: result: yes
configure:13274: checking for sys/types.h
configure:13274: result: yes
configure:13286: checking for unistd.h
configure:13286: result: yes
configure:13299: checking for arpa/inet.h
configure:13299: gcc -c -I/usr/local/include  conftest.c >&5
configure:13299: $? = 0
configure:13299: result: yes
configure:13299: checking for ifaddrs.h
configure:13299: gcc -c -I/usr/local/include  conftest.c >&5
configure:13299: $? = 0
configure:13299: result: yes
configure:13299: checking for netinet/in.h
configure:13299: gcc -c -I/usr/local/include  conftest.c >&5
configure:13299: $? = 0
configure:13299: result: yes
configure:13299: checking for netinet/tcp.h
configure:13299: gcc -c -I/usr/local/include  conftest.c >&5
configure:13299: $? = 0
configure:13299: result: yes
configure:13299: checking for net/if.h
configure:13299: gcc -c -I/usr/local/include  conftest.c >&5
configure:13299: $? = 0
configure:13299: result: yes
configure:13324: checking whether to enable assertions
configure:13342: result: yes
configure:13345: checking for stdbool.h that conforms to C99
configure:13412: gcc -c -I/usr/local/include  conftest.c >&5
configure:13412: $? = 0
configure:13419: result: yes
configure:13421: checking for _Bool
configure:13421: gcc -c -I/usr/local/include  conftest.c >&5
configure:13421: $? = 0
configure:13421: gcc -c -I/usr/local/include  conftest.c >&5
conftest.c: In function 'main':
conftest.c:83:20: error: expected expression before ')' token
 if (sizeof ((_Bool)))
                    ^
configure:13421: $? = 1
configure: failed program was:
| /* confdefs.h */
| #define PACKAGE_NAME "openocd"
| #define PACKAGE_TARNAME "openocd"
| #define PACKAGE_VERSION "0.10.0+dev"
| #define PACKAGE_STRING "openocd 0.10.0+dev"
| #define PACKAGE_BUGREPORT "OpenOCD Mailing List <openocd-devel@lists.sourceforge.net>"
| #define PACKAGE_URL ""
| #define PACKAGE "openocd"
| #define VERSION "0.10.0+dev"
| #define STDC_HEADERS 1
| #define HAVE_SYS_TYPES_H 1
| #define HAVE_SYS_STAT_H 1
| #define HAVE_STDLIB_H 1
| #define HAVE_STRING_H 1
| #define HAVE_MEMORY_H 1
| #define HAVE_STRINGS_H 1
| #define HAVE_INTTYPES_H 1
| #define HAVE_STDINT_H 1
| #define HAVE_UNISTD_H 1
| #define HAVE_DLFCN_H 1
| #define LT_OBJDIR ".libs/"
| #define HAVE_UNSIGNED_LONG_LONG_INT 1
| #define HAVE_LONG_LONG_INT 1
| #define HAVE_SYS_SOCKET_H 1
| #define HAVE_ELF_H 1
| #define HAVE_DIRENT_H 1
| #define HAVE_FCNTL_H 1
| #define HAVE_MALLOC_H 1
| #define HAVE_NETDB_H 1
| #define HAVE_POLL_H 1
| #define HAVE_PTHREAD_H 1
| #define HAVE_STRINGS_H 1
| #define HAVE_SYS_IOCTL_H 1
| #define HAVE_SYS_PARAM_H 1
| #define HAVE_SYS_SELECT_H 1
| #define HAVE_SYS_STAT_H 1
| #define HAVE_SYS_SYSCTL_H 1
| #define HAVE_SYS_TIME_H 1
| #define HAVE_SYS_TYPES_H 1
| #define HAVE_UNISTD_H 1
| #define HAVE_ARPA_INET_H 1
| #define HAVE_IFADDRS_H 1
| #define HAVE_NETINET_IN_H 1
| #define HAVE_NETINET_TCP_H 1
| #define HAVE_NET_IF_H 1
| /* end confdefs.h.  */
| #include <stdio.h>
| #ifdef HAVE_SYS_TYPES_H
| # include <sys/types.h>
| #endif
| #ifdef HAVE_SYS_STAT_H
| # include <sys/stat.h>
| #endif
| #ifdef STDC_HEADERS
| # include <stdlib.h>
| # include <stddef.h>
| #else
| # ifdef HAVE_STDLIB_H
| #  include <stdlib.h>
| # endif
| #endif
| #ifdef HAVE_STRING_H
| # if !defined STDC_HEADERS && defined HAVE_MEMORY_H
| #  include <memory.h>
| # endif
| # include <string.h>
| #endif
| #ifdef HAVE_STRINGS_H
| # include <strings.h>
| #endif
| #ifdef HAVE_INTTYPES_H
| # include <inttypes.h>
| #endif
| #ifdef HAVE_STDINT_H
| # include <stdint.h>
| #endif
| #ifdef HAVE_UNISTD_H
| # include <unistd.h>
| #endif
| int
| main ()
| {
| if (sizeof ((_Bool)))
| 	    return 0;
|   ;
|   return 0;
| }
configure:13421: result: yes
configure:13438: checking whether time.h and sys/time.h may both be included
configure:13458: gcc -c -I/usr/local/include  conftest.c >&5
configure:13458: $? = 0
configure:13465: result: yes
configure:13474: checking whether byte ordering is bigendian
configure:13489: gcc -c -I/usr/local/include  conftest.c >&5
conftest.c:51:9: error: unknown type name 'not'
         not a universal capable compiler
         ^~~
conftest.c:51:15: error: expected '=', ',', ';', 'asm' or '__attribute__' before 'universal'
         not a universal capable compiler
               ^~~~~~~~~
conftest.c:51:15: error: unknown type name 'universal'
configure:13489: $? = 1
configure: failed program was:
| /* confdefs.h */
| #define PACKAGE_NAME "openocd"
| #define PACKAGE_TARNAME "openocd"
| #define PACKAGE_VERSION "0.10.0+dev"
| #define PACKAGE_STRING "openocd 0.10.0+dev"
| #define PACKAGE_BUGREPORT "OpenOCD Mailing List <openocd-devel@lists.sourceforge.net>"
| #define PACKAGE_URL ""
| #define PACKAGE "openocd"
| #define VERSION "0.10.0+dev"
| #define STDC_HEADERS 1
| #define HAVE_SYS_TYPES_H 1
| #define HAVE_SYS_STAT_H 1
| #define HAVE_STDLIB_H 1
| #define HAVE_STRING_H 1
| #define HAVE_MEMORY_H 1
| #define HAVE_STRINGS_H 1
| #define HAVE_INTTYPES_H 1
| #define HAVE_STDINT_H 1
| #define HAVE_UNISTD_H 1
| #define HAVE_DLFCN_H 1
| #define LT_OBJDIR ".libs/"
| #define HAVE_UNSIGNED_LONG_LONG_INT 1
| #define HAVE_LONG_LONG_INT 1
| #define HAVE_SYS_SOCKET_H 1
| #define HAVE_ELF_H 1
| #define HAVE_DIRENT_H 1
| #define HAVE_FCNTL_H 1
| #define HAVE_MALLOC_H 1
| #define HAVE_NETDB_H 1
| #define HAVE_POLL_H 1
| #define HAVE_PTHREAD_H 1
| #define HAVE_STRINGS_H 1
| #define HAVE_SYS_IOCTL_H 1
| #define HAVE_SYS_PARAM_H 1
| #define HAVE_SYS_SELECT_H 1
| #define HAVE_SYS_STAT_H 1
| #define HAVE_SYS_SYSCTL_H 1
| #define HAVE_SYS_TIME_H 1
| #define HAVE_SYS_TYPES_H 1
| #define HAVE_UNISTD_H 1
| #define HAVE_ARPA_INET_H 1
| #define HAVE_IFADDRS_H 1
| #define HAVE_NETINET_IN_H 1
| #define HAVE_NETINET_TCP_H 1
| #define HAVE_NET_IF_H 1
| #define HAVE__BOOL 1
| #define HAVE_STDBOOL_H 1
| #define TIME_WITH_SYS_TIME 1
| /* end confdefs.h.  */
| #ifndef __APPLE_CC__
| 	       not a universal capable compiler
| 	     #endif
| 	     typedef int dummy;
| 
configure:13534: gcc -c -I/usr/local/include  conftest.c >&5
configure:13534: $? = 0
configure:13552: gcc -c -I/usr/local/include  conftest.c >&5
conftest.c: In function 'main':
conftest.c:57:4: error: unknown type name 'not'; did you mean 'ino_t'?
    not big endian
    ^~~
    ino_t
conftest.c:57:12: error: expected '=', ',', ';', 'asm' or '__attribute__' before 'endian'
    not big endian
            ^~~~~~
configure:13552: $? = 1
configure: failed program was:
| /* confdefs.h */
| #define PACKAGE_NAME "openocd"
| #define PACKAGE_TARNAME "openocd"
| #define PACKAGE_VERSION "0.10.0+dev"
| #define PACKAGE_STRING "openocd 0.10.0+dev"
| #define PACKAGE_BUGREPORT "OpenOCD Mailing List <openocd-devel@lists.sourceforge.net>"
| #define PACKAGE_URL ""
| #define PACKAGE "openocd"
| #define VERSION "0.10.0+dev"
| #define STDC_HEADERS 1
| #define HAVE_SYS_TYPES_H 1
| #define HAVE_SYS_STAT_H 1
| #define HAVE_STDLIB_H 1
| #define HAVE_STRING_H 1
| #define HAVE_MEMORY_H 1
| #define HAVE_STRINGS_H 1
| #define HAVE_INTTYPES_H 1
| #define HAVE_STDINT_H 1
| #define HAVE_UNISTD_H 1
| #define HAVE_DLFCN_H 1
| #define LT_OBJDIR ".libs/"
| #define HAVE_UNSIGNED_LONG_LONG_INT 1
| #define HAVE_LONG_LONG_INT 1
| #define HAVE_SYS_SOCKET_H 1
| #define HAVE_ELF_H 1
| #define HAVE_DIRENT_H 1
| #define HAVE_FCNTL_H 1
| #define HAVE_MALLOC_H 1
| #define HAVE_NETDB_H 1
| #define HAVE_POLL_H 1
| #define HAVE_PTHREAD_H 1
| #define HAVE_STRINGS_H 1
| #define HAVE_SYS_IOCTL_H 1
| #define HAVE_SYS_PARAM_H 1
| #define HAVE_SYS_SELECT_H 1
| #define HAVE_SYS_STAT_H 1
| #define HAVE_SYS_SYSCTL_H 1
| #define HAVE_SYS_TIME_H 1
| #define HAVE_SYS_TYPES_H 1
| #define HAVE_UNISTD_H 1
| #define HAVE_ARPA_INET_H 1
| #define HAVE_IFADDRS_H 1
| #define HAVE_NETINET_IN_H 1
| #define HAVE_NETINET_TCP_H 1
| #define HAVE_NET_IF_H 1
| #define HAVE__BOOL 1
| #define HAVE_STDBOOL_H 1
| #define TIME_WITH_SYS_TIME 1
| /* end confdefs.h.  */
| #include <sys/types.h>
| 		#include <sys/param.h>
| 
| int
| main ()
| {
| #if BYTE_ORDER != BIG_ENDIAN
| 		 not big endian
| 		#endif
| 
|   ;
|   return 0;
| }
configure:13680: result: no
configure:13701: checking for strndup
configure:13701: gcc -o conftest -I/usr/local/include  -L/usr/local/lib -lwiringPi conftest.c -ldl  >&5
conftest.c:73:6: warning: conflicting types for built-in function 'strndup' [-Wbuiltin-declaration-mismatch]
 char strndup ();
      ^~~~~~~
configure:13701: $? = 0
configure:13701: result: yes
configure:13712: checking for strnlen
configure:13712: gcc -o conftest -I/usr/local/include  -L/usr/local/lib -lwiringPi conftest.c -ldl  >&5
configure:13712: $? = 0
configure:13712: result: yes
configure:13723: checking for gettimeofday
configure:13723: gcc -o conftest -I/usr/local/include  -L/usr/local/lib -lwiringPi conftest.c -ldl  >&5
configure:13723: $? = 0
configure:13723: result: yes
configure:13734: checking for usleep
configure:13734: gcc -o conftest -I/usr/local/include  -L/usr/local/lib -lwiringPi conftest.c -ldl  >&5
configure:13734: $? = 0
configure:13734: result: yes
configure:13745: checking for vasprintf
configure:13745: gcc -o conftest -I/usr/local/include  -L/usr/local/lib -lwiringPi conftest.c -ldl  >&5
configure:13745: $? = 0
configure:13745: result: yes
configure:13756: checking for realpath
configure:13756: gcc -o conftest -I/usr/local/include  -L/usr/local/lib -lwiringPi conftest.c -ldl  >&5
configure:13756: $? = 0
configure:13756: result: yes
configure:13767: checking whether to build a release
configure:13778: result: no
configure:13814: checking whether to build Doxygen as HTML
configure:13816: result: yes
configure:13827: checking whether to build Doxygen as PDF
configure:13829: result: no
configure:13889: checking whether to enable verbose JTAG I/O messages
configure:13891: result: no
configure:13901: checking whether to enable verbose USB I/O messages
configure:13903: result: no
configure:13913: checking whether to enable verbose USB communication messages
configure:13915: result: no
configure:13932: checking whether to enable malloc free space logging
configure:13934: result: no
configure:14283: checking whether to enable ZY1000 minidriver
configure:14298: result: no
configure:14309: checking whether to enable dummy minidriver
configure:14327: result: no
configure:14330: checking whether standard drivers can be built
configure:14342: result: yes
configure:14809: checking for LIBUSB1
configure:14816: $PKG_CONFIG --exists --print-errors "libusb-1.0"
configure:14819: $? = 0
configure:14833: $PKG_CONFIG --exists --print-errors "libusb-1.0"
configure:14836: $? = 0
configure:14882: result: yes
configure:14890: $PKG_CONFIG --exists --print-errors "libusb-1.0 >= 1.0.9"
configure:14893: $? = 0
configure:14903: libusb-1.0 header bug workaround: LIBUSB1_CFLAGS changed to "-isystem /usr/include/libusb-1.0"
configure:14906: $PKG_CONFIG --exists --print-errors "libusb-1.0 >= 1.0.16"
configure:14909: $? = 0
configure:14920: checking for LIBUSB0
configure:14927: $PKG_CONFIG --exists --print-errors "libusb"
Package libusb was not found in the pkg-config search path.
Perhaps you should add the directory containing `libusb.pc'
to the PKG_CONFIG_PATH environment variable
No package 'libusb' found
configure:14930: $? = 1
configure:14944: $PKG_CONFIG --exists --print-errors "libusb"
Package libusb was not found in the pkg-config search path.
Perhaps you should add the directory containing `libusb.pc'
to the PKG_CONFIG_PATH environment variable
No package 'libusb' found
configure:14947: $? = 1
configure:14961: result: no
No package 'libusb' found
configure:14993: checking for HIDAPI
configure:15000: $PKG_CONFIG --exists --print-errors "$hidapi_lib"
Package hidapi was not found in the pkg-config search path.
Perhaps you should add the directory containing `hidapi.pc'
to the PKG_CONFIG_PATH environment variable
No package 'hidapi' found
configure:15003: $? = 1
configure:15017: $PKG_CONFIG --exists --print-errors "$hidapi_lib"
Package hidapi was not found in the pkg-config search path.
Perhaps you should add the directory containing `hidapi.pc'
to the PKG_CONFIG_PATH environment variable
No package 'hidapi' found
configure:15020: $? = 1
configure:15034: result: no
No package 'hidapi' found
configure:14993: checking for HIDAPI
configure:15000: $PKG_CONFIG --exists --print-errors "$hidapi_lib"
Package hidapi-hidraw was not found in the pkg-config search path.
Perhaps you should add the directory containing `hidapi-hidraw.pc'
to the PKG_CONFIG_PATH environment variable
No package 'hidapi-hidraw' found
configure:15003: $? = 1
configure:15017: $PKG_CONFIG --exists --print-errors "$hidapi_lib"
Package hidapi-hidraw was not found in the pkg-config search path.
Perhaps you should add the directory containing `hidapi-hidraw.pc'
to the PKG_CONFIG_PATH environment variable
No package 'hidapi-hidraw' found
configure:15020: $? = 1
configure:15034: result: no
No package 'hidapi-hidraw' found
configure:14993: checking for HIDAPI
configure:15000: $PKG_CONFIG --exists --print-errors "$hidapi_lib"
Package hidapi-libusb was not found in the pkg-config search path.
Perhaps you should add the directory containing `hidapi-libusb.pc'
to the PKG_CONFIG_PATH environment variable
No package 'hidapi-libusb' found
configure:15003: $? = 1
configure:15017: $PKG_CONFIG --exists --print-errors "$hidapi_lib"
Package hidapi-libusb was not found in the pkg-config search path.
Perhaps you should add the directory containing `hidapi-libusb.pc'
to the PKG_CONFIG_PATH environment variable
No package 'hidapi-libusb' found
configure:15020: $? = 1
configure:15034: result: no
No package 'hidapi-libusb' found
configure:15073: checking for LIBFTDI
configure:15080: $PKG_CONFIG --exists --print-errors "libftdi1"
Package libftdi1 was not found in the pkg-config search path.
Perhaps you should add the directory containing `libftdi1.pc'
to the PKG_CONFIG_PATH environment variable
No package 'libftdi1' found
configure:15083: $? = 1
configure:15097: $PKG_CONFIG --exists --print-errors "libftdi1"
Package libftdi1 was not found in the pkg-config search path.
Perhaps you should add the directory containing `libftdi1.pc'
to the PKG_CONFIG_PATH environment variable
No package 'libftdi1' found
configure:15100: $? = 1
configure:15114: result: no
No package 'libftdi1' found
configure:15133: checking for LIBFTDI
configure:15140: $PKG_CONFIG --exists --print-errors "libftdi"
Package libftdi was not found in the pkg-config search path.
Perhaps you should add the directory containing `libftdi.pc'
to the PKG_CONFIG_PATH environment variable
No package 'libftdi' found
configure:15143: $? = 1
configure:15157: $PKG_CONFIG --exists --print-errors "libftdi"
Package libftdi was not found in the pkg-config search path.
Perhaps you should add the directory containing `libftdi.pc'
to the PKG_CONFIG_PATH environment variable
No package 'libftdi' found
configure:15160: $? = 1
configure:15174: result: no
No package 'libftdi' found
configure:15289: checking for LIBJAYLINK
configure:15296: $PKG_CONFIG --exists --print-errors "libjaylink >= 0.2"
Package libjaylink was not found in the pkg-config search path.
Perhaps you should add the directory containing `libjaylink.pc'
to the PKG_CONFIG_PATH environment variable
No package 'libjaylink' found
configure:15299: $? = 1
configure:15313: $PKG_CONFIG --exists --print-errors "libjaylink >= 0.2"
Package libjaylink was not found in the pkg-config search path.
Perhaps you should add the directory containing `libjaylink.pc'
to the PKG_CONFIG_PATH environment variable
No package 'libjaylink' found
configure:15316: $? = 1
configure:15330: result: no
No package 'libjaylink' found
configure:16531: checking for environ in unistd.h and stdlib.h
configure:16549: gcc -c -I/usr/local/include  conftest.c >&5
configure:16549: $? = 0
configure:16551: result: yes
configure:16745: checking that generated files are newer than configure
configure:16751: result: done
configure:16999: creating ./config.status

## ---------------------- ##
## Running config.status. ##
## ---------------------- ##

This file was extended by openocd config.status 0.10.0+dev, which was
generated by GNU Autoconf 2.69.  Invocation command line was

  CONFIG_FILES    = 
  CONFIG_HEADERS  = 
  CONFIG_LINKS    = 
  CONFIG_COMMANDS = 
  $ ./config.status 

on orangepipc

config.status:1287: creating Makefile
config.status:1287: creating config.h
config.status:1516: executing depfiles commands
config.status:1516: executing libtool commands
configure:19207: === configuring in jimtcl (/usr/src/openocd-orig/jimtcl)
configure:19270: running /bin/bash ./configure.gnu --disable-option-checking '--prefix=/usr/local'  '--enable-sysfsgpio' '--enable-maintainer-mode' '--disable-werror' '--enable-arm-jtag-ew' 'CFLAGS=-I/usr/local/include' 'LDFLAGS=-L/usr/local/lib -lwiringPi' --cache-file=/dev/null --srcdir=.
configure:19207: === configuring in src/jtag/drivers/libjaylink (/usr/src/openocd-orig/src/jtag/drivers/libjaylink)
configure:19270: running /bin/bash ./configure.gnu --disable-option-checking '--prefix=/usr/local'  '--enable-sysfsgpio' '--enable-maintainer-mode' '--disable-werror' '--enable-arm-jtag-ew' 'CFLAGS=-I/usr/local/include' 'LDFLAGS=-L/usr/local/lib -lwiringPi' --cache-file=/dev/null --srcdir=.

## ---------------- ##
## Cache variables. ##
## ---------------- ##

ac_cv_build=armv7l-unknown-linux-gnueabihf
ac_cv_c_bigendian=no
ac_cv_c_compiler_gnu=yes
ac_cv_c_const=yes
ac_cv_env_CC_set=
ac_cv_env_CC_value=
ac_cv_env_CFLAGS_set=set
ac_cv_env_CFLAGS_value=-I/usr/local/include
ac_cv_env_CPPFLAGS_set=
ac_cv_env_CPPFLAGS_value=
ac_cv_env_CPP_set=
ac_cv_env_CPP_value=
ac_cv_env_HIDAPI_CFLAGS_set=
ac_cv_env_HIDAPI_CFLAGS_value=
ac_cv_env_HIDAPI_LIBS_set=
ac_cv_env_HIDAPI_LIBS_value=
ac_cv_env_LDFLAGS_set=set
ac_cv_env_LDFLAGS_value='-L/usr/local/lib -lwiringPi'
ac_cv_env_LIBFTDI_CFLAGS_set=
ac_cv_env_LIBFTDI_CFLAGS_value=
ac_cv_env_LIBFTDI_LIBS_set=
ac_cv_env_LIBFTDI_LIBS_value=
ac_cv_env_LIBJAYLINK_CFLAGS_set=
ac_cv_env_LIBJAYLINK_CFLAGS_value=
ac_cv_env_LIBJAYLINK_LIBS_set=
ac_cv_env_LIBJAYLINK_LIBS_value=
ac_cv_env_LIBS_set=
ac_cv_env_LIBS_value=
ac_cv_env_LIBUSB0_CFLAGS_set=
ac_cv_env_LIBUSB0_CFLAGS_value=
ac_cv_env_LIBUSB0_LIBS_set=
ac_cv_env_LIBUSB0_LIBS_value=
ac_cv_env_LIBUSB1_CFLAGS_set=
ac_cv_env_LIBUSB1_CFLAGS_value=
ac_cv_env_LIBUSB1_LIBS_set=
ac_cv_env_LIBUSB1_LIBS_value=
ac_cv_env_LT_SYS_LIBRARY_PATH_set=
ac_cv_env_LT_SYS_LIBRARY_PATH_value=
ac_cv_env_PKG_CONFIG_LIBDIR_set=
ac_cv_env_PKG_CONFIG_LIBDIR_value=
ac_cv_env_PKG_CONFIG_PATH_set=
ac_cv_env_PKG_CONFIG_PATH_value=
ac_cv_env_PKG_CONFIG_set=
ac_cv_env_PKG_CONFIG_value=
ac_cv_env_build_alias_set=
ac_cv_env_build_alias_value=
ac_cv_env_host_alias_set=
ac_cv_env_host_alias_value=
ac_cv_env_target_alias_set=
ac_cv_env_target_alias_value=
ac_cv_func_gettimeofday=yes
ac_cv_func_realpath=yes
ac_cv_func_strndup=yes
ac_cv_func_strnlen=yes
ac_cv_func_usleep=yes
ac_cv_func_vasprintf=yes
ac_cv_header_arpa_inet_h=yes
ac_cv_header_dirent_h=yes
ac_cv_header_dlfcn_h=yes
ac_cv_header_elf_h=yes
ac_cv_header_fcntl_h=yes
ac_cv_header_ifaddrs_h=yes
ac_cv_header_inttypes_h=yes
ac_cv_header_malloc_h=yes
ac_cv_header_memory_h=yes
ac_cv_header_net_if_h=yes
ac_cv_header_netdb_h=yes
ac_cv_header_netinet_in_h=yes
ac_cv_header_netinet_tcp_h=yes
ac_cv_header_poll_h=yes
ac_cv_header_pthread_h=yes
ac_cv_header_stdbool_h=yes
ac_cv_header_stdc=yes
ac_cv_header_stdint_h=yes
ac_cv_header_stdlib_h=yes
ac_cv_header_string_h=yes
ac_cv_header_strings_h=yes
ac_cv_header_sys_ioctl_h=yes
ac_cv_header_sys_param_h=yes
ac_cv_header_sys_select_h=yes
ac_cv_header_sys_socket_h=yes
ac_cv_header_sys_stat_h=yes
ac_cv_header_sys_sysctl_h=yes
ac_cv_header_sys_time_h=yes
ac_cv_header_sys_types_h=yes
ac_cv_header_time=yes
ac_cv_header_unistd_h=yes
ac_cv_host=armv7l-unknown-linux-gnueabihf
ac_cv_objext=o
ac_cv_path_EGREP='/bin/grep -E'
ac_cv_path_FGREP='/bin/grep -F'
ac_cv_path_GREP=/bin/grep
ac_cv_path_SED=/bin/sed
ac_cv_path_ac_pt_PKG_CONFIG=/usr/bin/pkg-config
ac_cv_path_install='/usr/bin/install -c'
ac_cv_path_lt_DD=/bin/dd
ac_cv_path_mkdir=/bin/mkdir
ac_cv_prog_AWK=mawk
ac_cv_prog_CPP='gcc -E'
ac_cv_prog_ac_ct_AR=ar
ac_cv_prog_ac_ct_CC=gcc
ac_cv_prog_ac_ct_MANIFEST_TOOL=mt
ac_cv_prog_ac_ct_OBJDUMP=objdump
ac_cv_prog_ac_ct_RANLIB=ranlib
ac_cv_prog_ac_ct_STRIP=strip
ac_cv_prog_cc_c89=
ac_cv_prog_cc_c99=
ac_cv_prog_cc_g=yes
ac_cv_prog_make_make_set=yes
ac_cv_search_dlopen=-ldl
ac_cv_search_ioperm='none required'
ac_cv_type__Bool=yes
ac_cv_type_long_long_int=yes
ac_cv_type_unsigned_long_long_int=yes
am_cv_CC_dependencies_compiler_type=gcc3
am_cv_make_support_nested_variables=yes
am_cv_prog_cc_c_o=yes
lt_cv_ar_at_file=@
lt_cv_deplibs_check_method=pass_all
lt_cv_file_magic_cmd='$MAGIC_CMD'
lt_cv_file_magic_test_file=
lt_cv_ld_reload_flag=-r
lt_cv_nm_interface='BSD nm'
lt_cv_objdir=.libs
lt_cv_path_LD=/usr/bin/ld
lt_cv_path_NM='/usr/bin/nm -B'
lt_cv_path_mainfest_tool=no
lt_cv_prog_compiler_c_o=yes
lt_cv_prog_compiler_pic='-fPIC -DPIC'
lt_cv_prog_compiler_pic_works=yes
lt_cv_prog_compiler_rtti_exceptions=no
lt_cv_prog_compiler_static_works=no
lt_cv_prog_gnu_ld=yes
lt_cv_sharedlib_from_linklib_cmd='printf %s\n'
lt_cv_shlibpath_overrides_runpath=yes
lt_cv_sys_global_symbol_pipe='sed -n -e '\''s/^.*[	 ]\([ABCDGIRSTW][ABCDGIRSTW]*\)[	 ][	 ]*\([_A-Za-z][_A-Za-z0-9]*\)$/\1 \2 \2/p'\'' | sed '\''/ __gnu_lto/d'\'''
lt_cv_sys_global_symbol_to_c_name_address='sed -n -e '\''s/^: \(.*\) .*$/  {"\1", (void *) 0},/p'\'' -e '\''s/^[ABCDGIRSTW][ABCDGIRSTW]* .* \(.*\)$/  {"\1", (void *) \&\1},/p'\'''
lt_cv_sys_global_symbol_to_c_name_address_lib_prefix='sed -n -e '\''s/^: \(.*\) .*$/  {"\1", (void *) 0},/p'\'' -e '\''s/^[ABCDGIRSTW][ABCDGIRSTW]* .* \(lib.*\)$/  {"\1", (void *) \&\1},/p'\'' -e '\''s/^[ABCDGIRSTW][ABCDGIRSTW]* .* \(.*\)$/  {"lib\1", (void *) \&\1},/p'\'''
lt_cv_sys_global_symbol_to_cdecl='sed -n -e '\''s/^T .* \(.*\)$/extern int \1();/p'\'' -e '\''s/^[ABCDGIRSTW][ABCDGIRSTW]* .* \(.*\)$/extern char \1;/p'\'''
lt_cv_sys_global_symbol_to_import=
lt_cv_sys_max_cmd_len=1572864
lt_cv_to_host_file_cmd=func_convert_file_noop
lt_cv_to_tool_file_cmd=func_convert_file_noop
lt_cv_truncate_bin='/bin/dd bs=4096 count=1'
pkg_cv_LIBUSB1_CFLAGS=-I/usr/include/libusb-1.0
pkg_cv_LIBUSB1_LIBS=-lusb-1.0

## ----------------- ##
## Output variables. ##
## ----------------- ##

ACLOCAL='${SHELL} /usr/src/openocd-orig/missing aclocal-1.15'
AICE_FALSE='#'
AICE_TRUE=''
AMDEPBACKSLASH='\'
AMDEP_FALSE='#'
AMDEP_TRUE=''
AMTAR='$${TAR-tar}'
AMTJTAGACCEL_FALSE=''
AMTJTAGACCEL_TRUE='#'
AM_BACKSLASH='\'
AM_DEFAULT_V='$(AM_DEFAULT_VERBOSITY)'
AM_DEFAULT_VERBOSITY='1'
AM_V='$(V)'
AR='ar'
ARMJTAGEW_FALSE=''
ARMJTAGEW_TRUE='#'
AT91RM9200_FALSE=''
AT91RM9200_TRUE='#'
AUTOCONF='${SHELL} /usr/src/openocd-orig/missing autoconf'
AUTOHEADER='${SHELL} /usr/src/openocd-orig/missing autoheader'
AUTOMAKE='${SHELL} /usr/src/openocd-orig/missing automake-1.15'
AWK='mawk'
BCM2835GPIO_FALSE=''
BCM2835GPIO_TRUE='#'
BITBANG_FALSE='#'
BITBANG_TRUE=''
BITQ_FALSE=''
BITQ_TRUE='#'
BUSPIRATE_FALSE=''
BUSPIRATE_TRUE='#'
CC='gcc'
CCDEPMODE='depmode=gcc3'
CFLAGS='-I/usr/local/include'
CMSIS_DAP_FALSE=''
CMSIS_DAP_TRUE='#'
CPP='gcc -E'
CPPFLAGS=''
CYGPATH_W='echo'
DEFS='-DHAVE_CONFIG_H'
DEPDIR='.deps'
DLLTOOL='false'
DSYMUTIL=''
DUMMY_FALSE=''
DUMMY_TRUE='#'
DUMPBIN=''
ECHO_C=''
ECHO_N='-n'
ECHO_T=''
EGREP='/bin/grep -E'
EP93XX_FALSE=''
EP93XX_TRUE='#'
EXEEXT=''
FGREP='/bin/grep -F'
FT232R_FALSE='#'
FT232R_TRUE=''
FTDI_FALSE='#'
FTDI_TRUE=''
GCC_WARNINGS='-Wall -Wstrict-prototypes -Wformat-security -Wshadow -Wextra -Wno-unused-parameter -Wbad-function-cast -Wcast-align -Wredundant-decls'
GIVEIO_FALSE=''
GIVEIO_TRUE='#'
GREP='/bin/grep'
GW16012_FALSE=''
GW16012_TRUE='#'
HIDAPI_CFLAGS=''
HIDAPI_LIBS=''
HLADAPTER_FALSE='#'
HLADAPTER_ICDI_FALSE='#'
HLADAPTER_ICDI_TRUE=''
HLADAPTER_STLINK_FALSE='#'
HLADAPTER_STLINK_TRUE=''
HLADAPTER_TRUE=''
HOST_CPPFLAGS=''
IMX_GPIO_FALSE=''
IMX_GPIO_TRUE='#'
INSTALL_DATA='${INSTALL} -m 644'
INSTALL_PROGRAM='${INSTALL}'
INSTALL_SCRIPT='${INSTALL}'
INSTALL_STRIP_PROGRAM='$(install_sh) -c -s'
INTERNAL_JIMTCL_FALSE='#'
INTERNAL_JIMTCL_TRUE=''
INTERNAL_LIBJAYLINK_FALSE='#'
INTERNAL_LIBJAYLINK_TRUE=''
IOUTIL_FALSE=''
IOUTIL_TRUE='#'
IS_CYGWIN_FALSE=''
IS_CYGWIN_TRUE='#'
IS_DARWIN_FALSE=''
IS_DARWIN_TRUE='#'
IS_MINGW_FALSE=''
IS_MINGW_TRUE='#'
IS_WIN32_FALSE=''
IS_WIN32_TRUE='#'
JLINK_FALSE='#'
JLINK_TRUE=''
JTAG_VPI_FALSE=''
JTAG_VPI_TRUE='#'
KITPROG_FALSE=''
KITPROG_TRUE='#'
LD='/usr/bin/ld'
LDFLAGS='-L/usr/local/lib -lwiringPi'
LIBFTDI_CFLAGS=''
LIBFTDI_LIBS=''
LIBJAYLINK_CFLAGS=''
LIBJAYLINK_LIBS=''
LIBOBJS=''
LIBS='-ldl '
LIBTOOL='$(SHELL) $(top_builddir)/libtool'
LIBTOOL_DEPS='./ltmain.sh'
LIBUSB0_CFLAGS=''
LIBUSB0_LIBS=''
LIBUSB1_CFLAGS='-isystem /usr/include/libusb-1.0'
LIBUSB1_LIBS='-lusb-1.0'
LIPO=''
LN_S='ln -s'
LTLIBOBJS=''
LT_SYS_LIBRARY_PATH=''
MAKEINFO='echo makeinfo missing; true'
MANIFEST_TOOL=':'
MINIDRIVER_DUMMY_FALSE=''
MINIDRIVER_DUMMY_TRUE='#'
MINIDRIVER_FALSE=''
MINIDRIVER_TRUE='#'
MKDIR_P='/bin/mkdir -p'
NM='/usr/bin/nm -B'
NMEDIT=''
OBJDUMP='objdump'
OBJEXT='o'
OOCD_TRACE_FALSE=''
OOCD_TRACE_TRUE='#'
OPENDOUS_FALSE='#'
OPENDOUS_TRUE=''
OPENJTAG_FALSE=''
OPENJTAG_TRUE='#'
OSBDM_FALSE='#'
OSBDM_TRUE=''
OTOOL64=''
OTOOL=''
PACKAGE='openocd'
PACKAGE_BUGREPORT='OpenOCD Mailing List <openocd-devel@lists.sourceforge.net>'
PACKAGE_NAME='openocd'
PACKAGE_STRING='openocd 0.10.0+dev'
PACKAGE_TARNAME='openocd'
PACKAGE_URL=''
PACKAGE_VERSION='0.10.0+dev'
PARPORT_FALSE=''
PARPORT_TRUE='#'
PATH_SEPARATOR=':'
PKG_CONFIG='/usr/bin/pkg-config'
PKG_CONFIG_LIBDIR=''
PKG_CONFIG_PATH=''
PRESTO_FALSE=''
PRESTO_TRUE='#'
RANLIB='ranlib'
RELEASE_FALSE=''
RELEASE_TRUE='#'
REMOTE_BITBANG_FALSE=''
REMOTE_BITBANG_TRUE='#'
RLINK_FALSE=''
RLINK_TRUE='#'
SED='/bin/sed'
SET_MAKE=''
SHELL='/bin/bash'
STRIP='strip'
SYSFSGPIO_FALSE='#'
SYSFSGPIO_TRUE=''
TARGET64_FALSE='#'
TARGET64_TRUE=''
ULINK_FALSE='#'
ULINK_TRUE=''
USBPROG_FALSE=''
USBPROG_TRUE='#'
USB_BLASTER_2_FALSE='#'
USB_BLASTER_2_TRUE=''
USB_BLASTER_DRIVER_FALSE='#'
USB_BLASTER_DRIVER_TRUE=''
USB_BLASTER_FALSE=''
USB_BLASTER_TRUE='#'
USE_HIDAPI_FALSE=''
USE_HIDAPI_TRUE='#'
USE_LIBFTDI_FALSE=''
USE_LIBFTDI_TRUE='#'
USE_LIBJAYLINK_FALSE=''
USE_LIBJAYLINK_TRUE='#'
USE_LIBUSB0_FALSE=''
USE_LIBUSB0_TRUE='#'
USE_LIBUSB1_FALSE='#'
USE_LIBUSB1_TRUE=''
VERSION='0.10.0+dev'
VSLLINK_FALSE='#'
VSLLINK_TRUE=''
XDS110_FALSE='#'
XDS110_TRUE=''
ZY1000_FALSE=''
ZY1000_MASTER_FALSE=''
ZY1000_MASTER_TRUE='#'
ZY1000_TRUE='#'
ac_ct_AR='ar'
ac_ct_CC='gcc'
ac_ct_DUMPBIN=''
am__EXEEXT_FALSE=''
am__EXEEXT_TRUE='#'
am__fastdepCC_FALSE='#'
am__fastdepCC_TRUE=''
am__include='include'
am__isrc=''
am__leading_dot='.'
am__nodep='_no'
am__quote=''
am__tar='$${TAR-tar} chof - "$$tardir"'
am__untar='$${TAR-tar} xf -'
bindir='${exec_prefix}/bin'
build='armv7l-unknown-linux-gnueabihf'
build_alias=''
build_cpu='armv7l'
build_os='linux-gnueabihf'
build_vendor='unknown'
datadir='${datarootdir}'
datarootdir='${prefix}/share'
docdir='${datarootdir}/doc/${PACKAGE_TARNAME}'
doxygen_as_html='yes'
doxygen_as_pdf='no'
dvidir='${docdir}'
exec_prefix='${prefix}'
host='armv7l-unknown-linux-gnueabihf'
host_alias=''
host_cpu='armv7l'
host_os='linux-gnueabihf'
host_vendor='unknown'
htmldir='${docdir}'
includedir='${prefix}/include'
infodir='${datarootdir}/info'
install_sh='${SHELL} /usr/src/openocd-orig/install-sh'
libdir='${exec_prefix}/lib'
libexecdir='${exec_prefix}/libexec'
localedir='${datarootdir}/locale'
localstatedir='${prefix}/var'
mandir='${datarootdir}/man'
mkdir_p='$(MKDIR_P)'
oldincludedir='/usr/include'
pdfdir='${docdir}'
prefix='/usr/local'
program_transform_name='s,x,x,'
psdir='${docdir}'
runstatedir='${localstatedir}/run'
sbindir='${exec_prefix}/sbin'
sharedstatedir='${prefix}/com'
subdirs=' jimtcl src/jtag/drivers/libjaylink'
sysconfdir='${prefix}/etc'
target_alias=''

## ----------- ##
## confdefs.h. ##
## ----------- ##

/* confdefs.h */
#define PACKAGE_NAME "openocd"
#define PACKAGE_TARNAME "openocd"
#define PACKAGE_VERSION "0.10.0+dev"
#define PACKAGE_STRING "openocd 0.10.0+dev"
#define PACKAGE_BUGREPORT "OpenOCD Mailing List <openocd-devel@lists.sourceforge.net>"
#define PACKAGE_URL ""
#define PACKAGE "openocd"
#define VERSION "0.10.0+dev"
#define STDC_HEADERS 1
#define HAVE_SYS_TYPES_H 1
#define HAVE_SYS_STAT_H 1
#define HAVE_STDLIB_H 1
#define HAVE_STRING_H 1
#define HAVE_MEMORY_H 1
#define HAVE_STRINGS_H 1
#define HAVE_INTTYPES_H 1
#define HAVE_STDINT_H 1
#define HAVE_UNISTD_H 1
#define HAVE_DLFCN_H 1
#define LT_OBJDIR ".libs/"
#define HAVE_UNSIGNED_LONG_LONG_INT 1
#define HAVE_LONG_LONG_INT 1
#define HAVE_SYS_SOCKET_H 1
#define HAVE_ELF_H 1
#define HAVE_DIRENT_H 1
#define HAVE_FCNTL_H 1
#define HAVE_MALLOC_H 1
#define HAVE_NETDB_H 1
#define HAVE_POLL_H 1
#define HAVE_PTHREAD_H 1
#define HAVE_STRINGS_H 1
#define HAVE_SYS_IOCTL_H 1
#define HAVE_SYS_PARAM_H 1
#define HAVE_SYS_SELECT_H 1
#define HAVE_SYS_STAT_H 1
#define HAVE_SYS_SYSCTL_H 1
#define HAVE_SYS_TIME_H 1
#define HAVE_SYS_TYPES_H 1
#define HAVE_UNISTD_H 1
#define HAVE_ARPA_INET_H 1
#define HAVE_IFADDRS_H 1
#define HAVE_NETINET_IN_H 1
#define HAVE_NETINET_TCP_H 1
#define HAVE_NET_IF_H 1
#define HAVE__BOOL 1
#define HAVE_STDBOOL_H 1
#define TIME_WITH_SYS_TIME 1
#define HAVE_STRNDUP 1
#define HAVE_STRNLEN 1
#define HAVE_GETTIMEOFDAY 1
#define HAVE_USLEEP 1
#define HAVE_VASPRINTF 1
#define HAVE_REALPATH 1
#define IS_CYGWIN 0
#define IS_MINGW 0
#define IS_WIN32 0
#define IS_DARWIN 0
#define BUILD_PARPORT 0
#define BUILD_DUMMY 0
#define BUILD_EP93XX 0
#define BUILD_ZY1000 0
#define BUILD_ZY1000_MASTER 0
#define BUILD_AT91RM9200 0
#define BUILD_BCM2835GPIO 0
#define BUILD_IMX_GPIO 0
#define PARPORT_USE_PPDEV 1
#define PARPORT_USE_GIVEIO 0
#define BUILD_JTAG_VPI 0
#define BUILD_AMTJTAGACCEL 0
#define BUILD_GW16012 0
#define BUILD_OOCD_TRACE 0
#define BUILD_BUSPIRATE 0
#define BUILD_REMOTE_BITBANG 0
#define BUILD_SYSFSGPIO 1
#define BUILD_TARGET64 1
#define HAVE_LIBUSB1 1
#define HAVE_LIBUSB_ERROR_NAME 1
#define HAVE_LIBUSB_GET_PORT_NUMBERS 1
#define BUILD_FTDI 1
#define BUILD_HLADAPTER_STLINK 1
#define BUILD_HLADAPTER_ICDI 1
#define BUILD_ULINK 1
#define BUILD_USB_BLASTER_2 1
#define BUILD_FT232R 1
#define BUILD_VSLLINK 1
#define BUILD_XDS110 1
#define BUILD_OSBDM 1
#define BUILD_OPENDOUS 1
#define BUILD_AICE 1
#define BUILD_JLINK 1
#define BUILD_HLADAPTER 1
#define _GNU_SOURCE 1

configure: exit 0
